<?xml version="1.0" encoding="UTF-8"?>
<!-- Generated by org.testng.reporters.JUnitXMLReporter -->
<testsuite ignored="0" hostname="LAPTOP-6ANI2N00" failures="0" tests="2" name="Default test" time="2.999" errors="0" timestamp="2023-12-16T20:19:17 MEZ">
  <testcase classname="com.goldfish.datastar.selenium.testing.localhost.findElement.ByXPath" name="testXpathSelectorForSortingAndCheckingFirstRow" time="0.375"/>
  <testcase classname="com.goldfish.datastar.selenium.testing.localhost.findElement.ByXPath" name="testXpathSelectorForaTableTd" time="0.174"/>
</testsuite> <!-- Default test -->
