<?xml version="1.0" encoding="UTF-8"?>
<testng-results ignored="0" total="2" passed="2" failed="0" skipped="0">
  <reporter-output>
  </reporter-output>
  <suite started-at="2023-12-16T20:19:14 MEZ" name="Default suite" finished-at="2023-12-16T20:19:17 MEZ" duration-ms="2999">
    <groups>
    </groups>
    <test started-at="2023-12-16T20:19:14 MEZ" name="Default test" finished-at="2023-12-16T20:19:17 MEZ" duration-ms="2999">
      <class name="com.goldfish.datastar.selenium.testing.localhost.findElement.ByXPath">
        <test-method is-config="true" signature="beforeTest()[pri:0, instance:com.goldfish.datastar.selenium.testing.localhost.findElement.ByXPath@6b8ca3c8]" started-at="2023-12-16T20:19:14 MEZ" name="beforeTest" finished-at="2023-12-16T20:19:16 MEZ" duration-ms="2291" status="PASS">
          <reporter-output>
          </reporter-output>
        </test-method> <!-- beforeTest -->
        <test-method signature="testXpathSelectorForSortingAndCheckingFirstRow()[pri:0, instance:com.goldfish.datastar.selenium.testing.localhost.findElement.ByXPath@6b8ca3c8]" started-at="2023-12-16T20:19:16 MEZ" name="testXpathSelectorForSortingAndCheckingFirstRow" finished-at="2023-12-16T20:19:17 MEZ" duration-ms="375" status="PASS">
          <reporter-output>
          </reporter-output>
        </test-method> <!-- testXpathSelectorForSortingAndCheckingFirstRow -->
        <test-method signature="testXpathSelectorForaTableTd()[pri:0, instance:com.goldfish.datastar.selenium.testing.localhost.findElement.ByXPath@6b8ca3c8]" started-at="2023-12-16T20:19:17 MEZ" name="testXpathSelectorForaTableTd" finished-at="2023-12-16T20:19:17 MEZ" duration-ms="174" status="PASS">
          <reporter-output>
          </reporter-output>
        </test-method> <!-- testXpathSelectorForaTableTd -->
        <test-method is-config="true" signature="afterTest()[pri:0, instance:com.goldfish.datastar.selenium.testing.localhost.findElement.ByXPath@6b8ca3c8]" started-at="2023-12-16T20:19:17 MEZ" name="afterTest" finished-at="2023-12-16T20:19:17 MEZ" duration-ms="110" status="PASS">
          <reporter-output>
          </reporter-output>
        </test-method> <!-- afterTest -->
      </class> <!-- com.goldfish.datastar.selenium.testing.localhost.findElement.ByXPath -->
    </test> <!-- Default test -->
  </suite> <!-- Default suite -->
</testng-results>
